2019-10-29 15:51:17 : loginGoogle -> X4gJosMyyirAoAepj
2019-10-29 15:51:54 : loginGoogle -> X4gJosMyyirAoAepj
2019-10-29 16:11:9 : selectClass -> userId: X4gJosMyyirAoAepj , classId : 39i2F6r9YL7LPHMbr
2019-10-29 16:11:24 : selectStudent -> userId: X4gJosMyyirAoAepj , classId : 39i2F6r9YL7LPHMbr , studentId : ytJ4xYBxN6uJ2Hfjh
2019-10-29 16:15:43 : selectClass -> userId: X4gJosMyyirAoAepj , classId : 39i2F6r9YL7LPHMbr
2019-10-29 16:18:48 : selectClass -> userId: X4gJosMyyirAoAepj , classId : 39i2F6r9YL7LPHMbr
2019-10-29 16:21:47 : selectClass -> userId: X4gJosMyyirAoAepj , classId : 39i2F6r9YL7LPHMbr
2019-10-29 16:22:3 : selectClass -> userId: X4gJosMyyirAoAepj , classId : uoZfKCYwWdcMhdbS7
2019-10-29 16:22:11 : selectClass -> userId: X4gJosMyyirAoAepj , classId : AQQG52qzeduNe7utm
2019-10-29 16:22:18 : selectClass -> userId: X4gJosMyyirAoAepj , classId : zNT4WYJgF5QiQjQcv
2019-10-29 16:23:29 : selectClass -> userId: X4gJosMyyirAoAepj , classId : zNT4WYJgF5QiQjQcv
2019-10-29 16:23:37 : selectClass -> userId: X4gJosMyyirAoAepj , classId : wFCvCQoAL5znqiGmB
2019-10-29 16:23:47 : selectClass -> userId: X4gJosMyyirAoAepj , classId : 39i2F6r9YL7LPHMbr
2019-10-29 16:24:9 : selectClass -> userId: X4gJosMyyirAoAepj , classId : XWTLbvG2bcrtdG65x
2019-10-29 16:25:31 : selectClass -> userId: X4gJosMyyirAoAepj , classId : 39i2F6r9YL7LPHMbr
2019-10-29 16:25:55 : selectClass -> userId: X4gJosMyyirAoAepj , classId : uoZfKCYwWdcMhdbS7
2019-10-29 16:26:5 : selectClass -> userId: X4gJosMyyirAoAepj , classId : XWTLbvG2bcrtdG65x
2019-10-29 16:26:55 : selectClass -> userId: X4gJosMyyirAoAepj , classId : 39i2F6r9YL7LPHMbr
2019-10-29 16:27:14 : selectClass -> userId: X4gJosMyyirAoAepj , classId : AFXvarKdtPWDxzBzf
2019-10-29 16:27:21 : selectClass -> userId: X4gJosMyyirAoAepj , classId : gF2R2MeWvkMAP9sPH
2019-10-29 16:27:31 : selectClass -> userId: X4gJosMyyirAoAepj , classId : 8PMPtTae5xqvMWE9M
2019-10-29 16:27:38 : selectClass -> userId: X4gJosMyyirAoAepj , classId : 39i2F6r9YL7LPHMbr
2019-10-29 16:37:59 : selectClass -> userId: X4gJosMyyirAoAepj , classId : 39i2F6r9YL7LPHMbr
2019-10-29 16:38:17 : selectClass -> userId: X4gJosMyyirAoAepj , classId : AQQG52qzeduNe7utm
2019-10-29 16:38:22 : selectClass -> userId: X4gJosMyyirAoAepj , classId : ecfHhYHfSQaWyykHX
2019-10-29 16:38:28 : selectClass -> userId: X4gJosMyyirAoAepj , classId : zNT4WYJgF5QiQjQcv
2019-10-29 16:45:1 : selectClass -> userId: X4gJosMyyirAoAepj , classId : zNT4WYJgF5QiQjQcv
2019-10-29 16:45:8 : selectClass -> userId: X4gJosMyyirAoAepj , classId : AQQG52qzeduNe7utm
2019-10-29 16:45:17 : selectClass -> userId: X4gJosMyyirAoAepj , classId : 39i2F6r9YL7LPHMbr
2019-10-29 16:48:57 : selectClass -> userId: X4gJosMyyirAoAepj , classId : 39i2F6r9YL7LPHMbr
2019-10-29 16:49:13 : selectClass -> userId: X4gJosMyyirAoAepj , classId : wFCvCQoAL5znqiGmB
2019-10-29 16:49:21 : selectClass -> userId: X4gJosMyyirAoAepj , classId : 39i2F6r9YL7LPHMbr
2019-10-29 16:54:0 : selectClass -> userId: X4gJosMyyirAoAepj , classId : 39i2F6r9YL7LPHMbr
2019-10-29 16:54:17 : selectClass -> userId: X4gJosMyyirAoAepj , classId : AQQG52qzeduNe7utm
2019-10-29 16:54:22 : selectClass -> userId: X4gJosMyyirAoAepj , classId : ecfHhYHfSQaWyykHX
2019-10-29 16:54:29 : selectClass -> userId: X4gJosMyyirAoAepj , classId : y63mMtWQkTXckKMXF
2019-10-29 16:56:12 : loginGoogle -> X4gJosMyyirAoAepj
2019-10-29 16:58:5 : loginGoogle -> X4gJosMyyirAoAepj
2019-10-29 16:59:12 : selectClass -> userId: X4gJosMyyirAoAepj , classId : 39i2F6r9YL7LPHMbr
2019-10-29 16:59:26 : selectStudent -> userId: X4gJosMyyirAoAepj , classId : 39i2F6r9YL7LPHMbr , studentId : ytJ4xYBxN6uJ2Hfjh
2019-10-29 17:3:52 : selectClass -> userId: X4gJosMyyirAoAepj , classId : 39i2F6r9YL7LPHMbr
2019-10-29 17:16:46 : selectClass -> userId: X4gJosMyyirAoAepj , classId : 39i2F6r9YL7LPHMbr
2019-10-29 17:30:59 : selectClass -> userId: X4gJosMyyirAoAepj , classId : 39i2F6r9YL7LPHMbr
2019-10-29 17:33:43 : selectClass -> userId: X4gJosMyyirAoAepj , classId : 39i2F6r9YL7LPHMbr
2019-10-29 17:40:34 : loginGoogle -> X4gJosMyyirAoAepj
2019-10-29 17:40:37 : selectClass -> userId: X4gJosMyyirAoAepj , classId : 39i2F6r9YL7LPHMbr
2019-10-31 11:14:35 : loginGoogle -> X4gJosMyyirAoAepj
2019-10-31 11:14:37 : selectClass -> userId: X4gJosMyyirAoAepj , classId : 39i2F6r9YL7LPHMbr
2019-10-31 11:30:20 : selectClass -> userId: X4gJosMyyirAoAepj , classId : 39i2F6r9YL7LPHMbr
2019-10-31 11:48:27 : selectClass -> userId: X4gJosMyyirAoAepj , classId : XWTLbvG2bcrtdG65x
2019-10-31 11:48:36 : selectClass -> userId: X4gJosMyyirAoAepj , classId : 39i2F6r9YL7LPHMbr
2019-10-31 11:52:29 : selectStudent -> userId: X4gJosMyyirAoAepj , classId : 39i2F6r9YL7LPHMbr , studentId : ytJ4xYBxN6uJ2Hfjh
2019-10-31 12:3:33 : selectClass -> userId: X4gJosMyyirAoAepj , classId : 39i2F6r9YL7LPHMbr
2019-10-31 12:3:48 : selectStudent -> userId: X4gJosMyyirAoAepj , classId : 39i2F6r9YL7LPHMbr , studentId : 8sMmrZi7FhrMyG4wL
2019-10-31 12:3:52 : selectStudent -> userId: X4gJosMyyirAoAepj , classId : 39i2F6r9YL7LPHMbr , studentId : Pm98xNcpJ6yDiD9g3
2019-10-31 12:7:11 : selectClass -> userId: X4gJosMyyirAoAepj , classId : 39i2F6r9YL7LPHMbr
2019-10-31 12:8:35 : selectClass -> userId: X4gJosMyyirAoAepj , classId : wFCvCQoAL5znqiGmB
2019-10-31 12:8:52 : selectClass -> userId: X4gJosMyyirAoAepj , classId : 39i2F6r9YL7LPHMbr
2019-10-31 12:9:5 : selectStudent -> userId: X4gJosMyyirAoAepj , classId : 39i2F6r9YL7LPHMbr , studentId : 8sMmrZi7FhrMyG4wL
2019-10-31 12:9:9 : selectStudent -> userId: X4gJosMyyirAoAepj , classId : 39i2F6r9YL7LPHMbr , studentId : 8sMmrZi7FhrMyG4wL
2019-10-31 12:12:30 : selectClass -> userId: X4gJosMyyirAoAepj , classId : 39i2F6r9YL7LPHMbr
2019-10-31 12:12:44 : selectStudent -> userId: X4gJosMyyirAoAepj , classId : 39i2F6r9YL7LPHMbr , studentId : 8sMmrZi7FhrMyG4wL
2019-10-31 12:15:27 : selectClass -> userId: X4gJosMyyirAoAepj , classId : 39i2F6r9YL7LPHMbr
2019-10-31 12:15:41 : selectStudent -> userId: X4gJosMyyirAoAepj , classId : 39i2F6r9YL7LPHMbr , studentId : ytJ4xYBxN6uJ2Hfjh
2019-10-31 12:22:25 : selectClass -> userId: X4gJosMyyirAoAepj , classId : 39i2F6r9YL7LPHMbr
2019-10-31 12:22:38 : selectStudent -> userId: X4gJosMyyirAoAepj , classId : 39i2F6r9YL7LPHMbr , studentId : ytJ4xYBxN6uJ2Hfjh
2019-10-31 12:27:13 : selectClass -> userId: X4gJosMyyirAoAepj , classId : 39i2F6r9YL7LPHMbr
2019-10-31 12:27:25 : selectStudent -> userId: X4gJosMyyirAoAepj , classId : 39i2F6r9YL7LPHMbr , studentId : ytJ4xYBxN6uJ2Hfjh
2019-10-31 12:33:32 : selectClass -> userId: X4gJosMyyirAoAepj , classId : 39i2F6r9YL7LPHMbr
2019-10-31 12:38:48 : selectStudent -> userId: X4gJosMyyirAoAepj , classId : 39i2F6r9YL7LPHMbr , studentId : ytJ4xYBxN6uJ2Hfjh
